This is pdfTeX, Version 3.1415926-2.3-1.40.12 (MiKTeX 2.9) (preloaded format=pdflatex 2015.4.21)  21 APR 2015 22:21
entering extended mode
**D:/ç”¨æˆ·ç›®å½•/Desktop/paper/TransferLearning/total.tex
(D:/ç”¨æˆ·ç›®å½•/Desktop/paper/TransferLearning/total.tex
LaTeX2e <2011/06/27>
Babel <v3.8m> and hyphenation patterns for loaded.
(D:\ç”¨æˆ·ç›®å½•\Desktop\paper\TransferLearning\IEEEtran.cls
Document Class: IEEEtran 2012/11/21 V1.8c by Harald Hanche-Olsen and Anders Chr
istensen
-- Based on V1.7a by Michael Shell
-- See the "IEEEtran_HOWTO" manual for usage information.
-- http://www.michaelshell.org/tex/ieeetran/
\@IEEEtrantmpdimenA=\dimen102
\@IEEEtrantmpdimenB=\dimen103
\@IEEEtrantmpcountA=\count79
\@IEEEtrantmpcountB=\count80
\@IEEEtrantmptoksA=\toks14
LaTeX Font Info:    Try loading font information for OT1+ptm on input line 373.

(C:\CTEX\MiKTeX\tex\latex\psnfss\ot1ptm.fd
File: ot1ptm.fd 2001/06/04 font definitions for OT1/ptm.
)
-- Using 8.5in x 11in (letter) paper.
-- Using PDF output.
\@IEEEnormalsizeunitybaselineskip=\dimen104
-- This is a 10 point document.
\CLASSINFOnormalsizebaselineskip=\dimen105
\CLASSINFOnormalsizeunitybaselineskip=\dimen106
\IEEEnormaljot=\dimen107
LaTeX Font Info:    Font shape `OT1/ptm/bx/n' in size <5> not available
(Font)              Font shape `OT1/ptm/b/n' tried instead on input line 731.
LaTeX Font Info:    Font shape `OT1/ptm/bx/it' in size <5> not available
(Font)              Font shape `OT1/ptm/b/it' tried instead on input line 731.
LaTeX Font Info:    Font shape `OT1/ptm/bx/n' in size <7> not available
(Font)              Font shape `OT1/ptm/b/n' tried instead on input line 731.
LaTeX Font Info:    Font shape `OT1/ptm/bx/it' in size <7> not available
(Font)              Font shape `OT1/ptm/b/it' tried instead on input line 731.
LaTeX Font Info:    Font shape `OT1/ptm/bx/n' in size <8> not available
(Font)              Font shape `OT1/ptm/b/n' tried instead on input line 731.
LaTeX Font Info:    Font shape `OT1/ptm/bx/it' in size <8> not available
(Font)              Font shape `OT1/ptm/b/it' tried instead on input line 731.
LaTeX Font Info:    Font shape `OT1/ptm/bx/n' in size <9> not available
(Font)              Font shape `OT1/ptm/b/n' tried instead on input line 731.
LaTeX Font Info:    Font shape `OT1/ptm/bx/it' in size <9> not available
(Font)              Font shape `OT1/ptm/b/it' tried instead on input line 731.
LaTeX Font Info:    Font shape `OT1/ptm/bx/n' in size <10> not available
(Font)              Font shape `OT1/ptm/b/n' tried instead on input line 731.
LaTeX Font Info:    Font shape `OT1/ptm/bx/it' in size <10> not available
(Font)              Font shape `OT1/ptm/b/it' tried instead on input line 731.
LaTeX Font Info:    Font shape `OT1/ptm/bx/n' in size <11> not available
(Font)              Font shape `OT1/ptm/b/n' tried instead on input line 731.
LaTeX Font Info:    Font shape `OT1/ptm/bx/it' in size <11> not available
(Font)              Font shape `OT1/ptm/b/it' tried instead on input line 731.
LaTeX Font Info:    Font shape `OT1/ptm/bx/n' in size <12> not available
(Font)              Font shape `OT1/ptm/b/n' tried instead on input line 731.
LaTeX Font Info:    Font shape `OT1/ptm/bx/it' in size <12> not available
(Font)              Font shape `OT1/ptm/b/it' tried instead on input line 731.
LaTeX Font Info:    Font shape `OT1/ptm/bx/n' in size <17> not available
(Font)              Font shape `OT1/ptm/b/n' tried instead on input line 731.
LaTeX Font Info:    Font shape `OT1/ptm/bx/it' in size <17> not available
(Font)              Font shape `OT1/ptm/b/it' tried instead on input line 731.
LaTeX Font Info:    Font shape `OT1/ptm/bx/n' in size <20> not available
(Font)              Font shape `OT1/ptm/b/n' tried instead on input line 731.
LaTeX Font Info:    Font shape `OT1/ptm/bx/it' in size <20> not available
(Font)              Font shape `OT1/ptm/b/it' tried instead on input line 731.
LaTeX Font Info:    Font shape `OT1/ptm/bx/n' in size <24> not available
(Font)              Font shape `OT1/ptm/b/n' tried instead on input line 731.
LaTeX Font Info:    Font shape `OT1/ptm/bx/it' in size <24> not available
(Font)              Font shape `OT1/ptm/b/it' tried instead on input line 731.
\IEEEilabelindentA=\dimen108
\IEEEilabelindentB=\dimen109
\IEEEilabelindent=\dimen110
\IEEEelabelindent=\dimen111
\IEEEdlabelindent=\dimen112
\IEEElabelindent=\dimen113
\IEEEiednormlabelsep=\dimen114
\IEEEiedmathlabelsep=\dimen115
\IEEEiedtopsep=\skip41
\c@section=\count81
\c@subsection=\count82
\c@subsubsection=\count83
\c@paragraph=\count84
\c@IEEEsubequation=\count85
\abovecaptionskip=\skip42
\belowcaptionskip=\skip43
\c@figure=\count86
\c@table=\count87
\@IEEEeqnnumcols=\count88
\@IEEEeqncolcnt=\count89
\@IEEEtmpitemindent=\dimen116
\c@IEEEbiography=\count90
\@IEEEtranrubishbin=\box26
) (C:\CTEX\MiKTeX\tex\latex\graphics\graphicx.sty
Package: graphicx 1999/02/16 v1.0f Enhanced LaTeX Graphics (DPC,SPQR)

(C:\CTEX\MiKTeX\tex\latex\graphics\keyval.sty
Package: keyval 1999/03/16 v1.13 key=value parser (DPC)
\KV@toks@=\toks15
)
(C:\CTEX\MiKTeX\tex\latex\graphics\graphics.sty
Package: graphics 2009/02/05 v1.0o Standard LaTeX Graphics (DPC,SPQR)

(C:\CTEX\MiKTeX\tex\latex\graphics\trig.sty
Package: trig 1999/03/16 v1.09 sin cos tan (DPC)
)
(C:\CTEX\MiKTeX\tex\latex\00miktex\graphics.cfg
File: graphics.cfg 2007/01/18 v1.5 graphics configuration of teTeX/TeXLive
)
Package graphics Info: Driver file: pdftex.def on input line 91.

(C:\CTEX\MiKTeX\tex\latex\pdftex-def\pdftex.def
File: pdftex.def 2011/05/27 v0.06d Graphics/color for pdfTeX

(C:\CTEX\MiKTeX\tex\generic\oberdiek\infwarerr.sty
Package: infwarerr 2010/04/08 v1.3 Providing info/warning/message (HO)
)
(C:\CTEX\MiKTeX\tex\generic\oberdiek\ltxcmds.sty
Package: ltxcmds 2011/04/18 v1.20 LaTeX kernel commands for general use (HO)
)
\Gread@gobject=\count91
))
\Gin@req@height=\dimen117
\Gin@req@width=\dimen118
)
(C:\CTEX\MiKTeX\tex\latex\booktabs\booktabs.sty
Package: booktabs 2005/04/14 v1.61803 publication quality tables
\heavyrulewidth=\dimen119
\lightrulewidth=\dimen120
\cmidrulewidth=\dimen121
\belowrulesep=\dimen122
\belowbottomsep=\dimen123
\aboverulesep=\dimen124
\abovetopsep=\dimen125
\cmidrulesep=\dimen126
\cmidrulekern=\dimen127
\defaultaddspace=\dimen128
\@cmidla=\count92
\@cmidlb=\count93
\@aboverulesep=\dimen129
\@belowrulesep=\dimen130
\@thisruleclass=\count94
\@lastruleclass=\count95
\@thisrulewidth=\dimen131
)
(C:\CTEX\MiKTeX\tex\latex\subfigure\subfigure.sty
Package: subfigure 2002/07/30 v2.1.4 subfigure package
\subfigtopskip=\skip44
\subfigcapskip=\skip45
\subfigcaptopadj=\dimen132
\subfigbottomskip=\skip46
\subfigcapmargin=\dimen133
\subfiglabelskip=\skip47
\c@subfigure=\count96
\c@lofdepth=\count97
\c@subtable=\count98
\c@lotdepth=\count99

****************************************
* Local config file subfigure.cfg used *
****************************************
(C:\CTEX\MiKTeX\tex\latex\subfigure\subfigure.cfg)
\subfig@top=\skip48
\subfig@bottom=\skip49
)
(C:\CTEX\MiKTeX\tex\latex\lipsum\lipsum.sty
Package: lipsum 2011/04/14 v1.2 150 paragraphs of Lorem Ipsum dummy text
\c@lips@count=\count100
)
(D:\ç”¨æˆ·ç›®å½•\Desktop\paper\TransferLearning\total.aux)
LaTeX Font Info:    Checking defaults for OML/cmm/m/it on input line 356.
LaTeX Font Info:    ... okay on input line 356.
LaTeX Font Info:    Checking defaults for T1/cmr/m/n on input line 356.
LaTeX Font Info:    ... okay on input line 356.
LaTeX Font Info:    Checking defaults for OT1/cmr/m/n on input line 356.
LaTeX Font Info:    ... okay on input line 356.
LaTeX Font Info:    Checking defaults for OMS/cmsy/m/n on input line 356.
LaTeX Font Info:    ... okay on input line 356.
LaTeX Font Info:    Checking defaults for OMX/cmex/m/n on input line 356.
LaTeX Font Info:    ... okay on input line 356.
LaTeX Font Info:    Checking defaults for U/cmr/m/n on input line 356.
LaTeX Font Info:    ... okay on input line 356.

(C:\CTEX\MiKTeX\tex\context\base\supp-pdf.mkii
[Loading MPS to PDF converter (version 2006.09.02).]
\scratchcounter=\count101
\scratchdimen=\dimen134
\scratchbox=\box27
\nofMPsegments=\count102
\nofMParguments=\count103
\everyMPshowfont=\toks16
\MPscratchCnt=\count104
\MPscratchDim=\dimen135
\MPnumerator=\count105
\makeMPintoPDFobject=\count106
\everyMPtoPDFconversion=\toks17
) (D:\ç”¨æˆ·ç›®å½•\Desktop\paper\TransferLearning\intro.tex
Missing character: There is no ï in font ptmr7t!
Missing character: There is no » in font ptmr7t!
Missing character: There is no ¿ in font ptmr7t!
)
(D:\ç”¨æˆ·ç›®å½•\Desktop\paper\TransferLearning\expsetup.tex
Missing character: There is no ï in font ptmr7t!
Missing character: There is no » in font ptmr7t!
Missing character: There is no ¿ in font ptmr7t!
LaTeX Font Info:    External font `cmex10' loaded for size
(Font)              <7> on input line 9.
LaTeX Font Info:    External font `cmex10' loaded for size
(Font)              <5> on input line 9.

<fig/inception.pdf, id=1, 572.1375pt x 279.0425pt>
File: fig/inception.pdf Graphic file (type pdf)
 <use fig/inception.pdf>
Package pdftex.def Info: fig/inception.pdf used on input line 14.
(pdftex.def)             Requested size: 257.45949pt x 125.56795pt.

Overfull \hbox (4.40962pt too wide) in paragraph at lines 14--14
 [][] 
 []

LaTeX Font Info:    External font `cmex10' loaded for size
(Font)              <8> on input line 15.
LaTeX Font Info:    External font `cmex10' loaded for size
(Font)              <6> on input line 15.
[1{C:/CTEX/UserData/pdftex/config/pdftex.map{Unicode.sfd}{UGBK.sfd}}


])
(D:\ç”¨æˆ·ç›®å½•\Desktop\paper\TransferLearning\discuss.tex
Missing character: There is no ï in font ptmr7t!
Missing character: There is no » in font ptmr7t!
Missing character: There is no ¿ in font ptmr7t!

<fig/sashimi.png, id=12, 727.96968pt x 319.1925pt>
File: fig/sashimi.png Graphic file (type png)
 <use fig/sashimi.png>
Package pdftex.def Info: fig/sashimi.png used on input line 37.
(pdftex.def)             Requested size: 363.98395pt x 159.59586pt.

[2 <D:/ç”¨æˆ·ç›®å½•/Desktop/paper/TransferLearning/fig/inception.pdf>] [3 <D:/ç
”¨æˆ·ç›®å½•/Desktop/paper/TransferLearning/fig/sashimi.png>])
(D:\ç”¨æˆ·ç›®å½•\Desktop\paper\TransferLearning\conclusion.tex)
(D:\ç”¨æˆ·ç›®å½•\Desktop\paper\TransferLearning\total.bbl [4])

** Conference Paper **
Before submitting the final camera ready copy, remember to:

 1. Manually equalize the lengths of two columns on the last page
 of your paper;

 2. Ensure that any PostScript and/or PDF output post-processing
 uses only Type 1 fonts and that every step in the generation
 process uses the appropriate paper size.

[5

] (D:\ç”¨æˆ·ç›®å½•\Desktop\paper\TransferLearning\total.aux) ) 
Here is how much of TeX's memory you used:
 2270 strings out of 495354
 34210 string characters out of 3183859
 193596 words of memory out of 3000000
 5431 multiletter control sequences out of 15000+200000
 42567 words of font info for 76 fonts, out of 3000000 for 9000
 17 hyphenation exceptions out of 8191
 27i,9n,24p,1619b,220s stack positions out of 5000i,500n,10000p,200000b,50000s
{C:/CTEX/MiKTeX/f
onts/enc/dvips/fontname/8r.enc}<C:/CTEX/MiKTeX/fonts/type1/public/amsfonts/cm/c
mex10.pfb><C:/CTEX/MiKTeX/fonts/type1/public/amsfonts/cm/cmmi10.pfb><C:/CTEX/Mi
KTeX/fonts/type1/public/amsfonts/cm/cmmi7.pfb><C:/CTEX/MiKTeX/fonts/type1/publi
c/amsfonts/cm/cmmi8.pfb><C:/CTEX/MiKTeX/fonts/type1/public/amsfonts/cm/cmr10.pf
b><C:/CTEX/MiKTeX/fonts/type1/public/amsfonts/cm/cmr7.pfb><C:/CTEX/MiKTeX/fonts
/type1/public/amsfonts/cm/cmr8.pfb><C:/CTEX/MiKTeX/fonts/type1/public/amsfonts/
cm/cmsy10.pfb><C:/CTEX/MiKTeX/fonts/type1/public/amsfonts/cm/cmsy7.pfb><C:/CTEX
/MiKTeX/fonts/type1/public/amsfonts/cm/cmsy8.pfb><C:/CTEX/MiKTeX/fonts/type1/ur
w/times/utmb8a.pfb><C:/CTEX/MiKTeX/fonts/type1/urw/times/utmbi8a.pfb><C:/CTEX/M
iKTeX/fonts/type1/urw/times/utmr8a.pfb><C:/CTEX/MiKTeX/fonts/type1/urw/times/ut
mri8a.pfb>
Output written on total.pdf (5 pages, 636575 bytes).
PDF statistics:
 84 PDF objects out of 1000 (max. 8388607)
 0 named destinations out of 1000 (max. 500000)
 11 words of extra memory for PDF output out of 10000 (max. 10000000)

